<?xml version="1.0" encoding="UTF-8"?>
<!-- Generated by org.testng.reporters.JUnitReportReporter -->
<testsuite hostname="DESKTOP-ELL961H" failures="0" tests="1" name="TestngFrameworkDesign.Errorvalidation" time="7.084" errors="0" timestamp="2022-10-29T00:54:59 IST" skipped="0">
  <testcase classname="TestngFrameworkDesign.Errorvalidation" name="Functionaltest" time="7.084"/>
  <system-out/>
</testsuite> <!-- TestngFrameworkDesign.Errorvalidation -->
