<?xml version="1.0" encoding="UTF-8"?>
<!-- Generated by org.testng.reporters.JUnitReportReporter -->
<testsuite hostname="DESKTOP-ELL961H" failures="0" tests="2" name="TestngFrameworkDesign.SubmitorderTest" time="63.448" errors="0" timestamp="2022-11-02T01:10:50 IST" skipped="0">
  <testcase classname="TestngFrameworkDesign.SubmitorderTest" name="Submitorder" time="41.148"/>
  <system-out/>
  <testcase classname="TestngFrameworkDesign.SubmitorderTest" name="Submitorder" time="22.300"/>
  <system-out/>
</testsuite> <!-- TestngFrameworkDesign.SubmitorderTest -->
