<?xml version="1.0" encoding="UTF-8"?>
<!-- Generated by org.testng.reporters.JUnitReportReporter -->
<testsuite hostname="DESKTOP-ELL961H" failures="0" tests="1" name="TestngFrameworkDesign.Standalonecode1" time="19.083" errors="0" timestamp="2022-10-28T13:52:58 IST" skipped="0">
  <testcase classname="TestngFrameworkDesign.Standalonecode1" name="Submitorder" time="19.083"/>
  <system-out/>
</testsuite> <!-- TestngFrameworkDesign.Standalonecode1 -->
