<?xml version="1.0" encoding="UTF-8"?>
<!-- Generated by org.testng.reporters.JUnitReportReporter -->
<testsuite hostname="DESKTOP-ELL961H" failures="0" tests="1" name="TestngFrameworkDesign.ErrorvalidationsTest" time="21.522" errors="0" timestamp="2022-11-02T00:47:11 IST" skipped="0">
  <testcase classname="TestngFrameworkDesign.ErrorvalidationsTest" name="LoginErrorValidation" time="21.522"/>
  <system-out/>
</testsuite> <!-- TestngFrameworkDesign.ErrorvalidationsTest -->
